<?xml version="1.0" encoding="UTF-8"?>
<testng-results skipped="0" failed="0" ignored="0" total="1" passed="1">
  <reporter-output>
  </reporter-output>
  <suite name="Default suite" duration-ms="150818" started-at="2019-10-18T11:34:06Z" finished-at="2019-10-18T11:36:37Z">
    <groups>
    </groups>
    <test name="Default test" duration-ms="150818" started-at="2019-10-18T11:34:06Z" finished-at="2019-10-18T11:36:37Z">
      <class name="flows.JazeeraFlow">
        <test-method status="PASS" signature="test()[pri:0, instance:flows.JazeeraFlow@8e24743]" name="test" duration-ms="150797" started-at="2019-10-18T11:34:06Z" finished-at="2019-10-18T11:36:37Z">
          <reporter-output>
          </reporter-output>
        </test-method> <!-- test -->
      </class> <!-- flows.JazeeraFlow -->
    </test> <!-- Default test -->
  </suite> <!-- Default suite -->
</testng-results>
